[0.312s] Invoking command in '/home/lining/work/dl2ros2/chapt3/chapt3_ws/build/example_topic_rclcpp': CMAKE_PREFIX_PATH=/opt/ros/humble CONDA_PROMPT_MODIFIER=(base) /usr/bin/cmake /home/lining/work/dl2ros2/chapt3/chapt3_ws/src/example_topic_rclcpp -DCMAKE_EXPORT_COMPILE_COMMANDS=ON -G Ninja -DCMAKE_INSTALL_PREFIX=/home/lining/work/dl2ros2/chapt3/chapt3_ws/install/example_topic_rclcpp
[0.549s] -- The C compiler identification is GNU 11.4.0
[0.751s] -- The CXX compiler identification is GNU 11.4.0
[0.779s] -- Detecting C compiler ABI info
[0.944s] -- Detecting C compiler ABI info - done
[0.970s] -- Check for working C compiler: /usr/bin/cc - skipped
[0.973s] -- Detecting C compile features
[0.975s] -- Detecting C compile features - done
[0.986s] -- Detecting CXX compiler ABI info
[1.203s] -- Detecting CXX compiler ABI info - done
[1.228s] -- Check for working CXX compiler: /usr/bin/c++ - skipped
[1.230s] -- Detecting CXX compile features
[1.232s] -- Detecting CXX compile features - done
[1.241s] -- Found ament_cmake: 1.3.7 (/opt/ros/humble/share/ament_cmake/cmake)
[4.540s] -- Found Python3: /home/lining/anaconda3/bin/python3.10 (found version "3.10.9") found components: Interpreter 
[4.840s] -- Found rclcpp: 16.0.8 (/opt/ros/humble/share/rclcpp/cmake)
[4.969s] -- Found rosidl_generator_c: 3.1.5 (/opt/ros/humble/share/rosidl_generator_c/cmake)
[4.985s] -- Found rosidl_adapter: 3.1.5 (/opt/ros/humble/share/rosidl_adapter/cmake)
[5.013s] -- Found rosidl_generator_cpp: 3.1.5 (/opt/ros/humble/share/rosidl_generator_cpp/cmake)
[5.058s] -- Using all available rosidl_typesupport_c: rosidl_typesupport_fastrtps_c;rosidl_typesupport_introspection_c
[5.126s] -- Using all available rosidl_typesupport_cpp: rosidl_typesupport_fastrtps_cpp;rosidl_typesupport_introspection_cpp
[5.352s] -- Found rmw_implementation_cmake: 6.1.1 (/opt/ros/humble/share/rmw_implementation_cmake/cmake)
[5.359s] -- Found rmw_fastrtps_cpp: 6.2.6 (/opt/ros/humble/share/rmw_fastrtps_cpp/cmake)
[5.672s] -- Found OpenSSL: /usr/lib/x86_64-linux-gnu/libcrypto.so (found version "3.0.2")  
[5.758s] -- Found FastRTPS: /opt/ros/humble/include  
[5.910s] -- Using RMW implementation 'rmw_fastrtps_cpp' as default
[5.947s] -- Looking for pthread.h
[6.104s] -- Looking for pthread.h - found
[6.106s] -- Performing Test CMAKE_HAVE_LIBC_PTHREAD
[6.283s] -- Performing Test CMAKE_HAVE_LIBC_PTHREAD - Success
[6.287s] -- Found Threads: TRUE  
[6.858s] -- Found ament_lint_auto: 0.12.10 (/opt/ros/humble/share/ament_lint_auto/cmake)
[7.198s] -- Added test 'cppcheck' to perform static code analysis on C / C++ code
[7.199s] -- Configured cppcheck include dirs: 
[7.199s] -- Configured cppcheck exclude dirs and/or files: 
[7.202s] -- Added test 'lint_cmake' to check CMake code style
[7.206s] -- Added test 'uncrustify' to check C / C++ code style
[7.207s] -- Configured uncrustify additional arguments: 
[7.209s] -- Added test 'xmllint' to check XML markup files
[7.213s] -- Configuring done
[7.245s] -- Generating done
[7.278s] -- Build files have been written to: /home/lining/work/dl2ros2/chapt3/chapt3_ws/build/example_topic_rclcpp
[7.313s] Invoked command in '/home/lining/work/dl2ros2/chapt3/chapt3_ws/build/example_topic_rclcpp' returned '0': CMAKE_PREFIX_PATH=/opt/ros/humble CONDA_PROMPT_MODIFIER=(base) /usr/bin/cmake /home/lining/work/dl2ros2/chapt3/chapt3_ws/src/example_topic_rclcpp -DCMAKE_EXPORT_COMPILE_COMMANDS=ON -G Ninja -DCMAKE_INSTALL_PREFIX=/home/lining/work/dl2ros2/chapt3/chapt3_ws/install/example_topic_rclcpp
[7.315s] Invoking command in '/home/lining/work/dl2ros2/chapt3/chapt3_ws/build/example_topic_rclcpp': CMAKE_PREFIX_PATH=/opt/ros/humble CONDA_PROMPT_MODIFIER=(base) /usr/bin/cmake --build /home/lining/work/dl2ros2/chapt3/chapt3_ws/build/example_topic_rclcpp -- -j1 -l1
[7.357s] 
[23.050s] [0/4] Building CXX object CMakeFiles/topic_publisher_01.dir/src/topic_publisher_01.cpp.o[K
[23.053s] [1/4] Building CXX object CMakeFiles/topic_publisher_01.dir/src/topic_publisher_01.cpp.o[K
[51.872s] [1/4] Building CXX object CMakeFiles/topic_subscribe_01.dir/src/topic_subscribe_01.cpp.o[K
[51.873s] [2/4] Building CXX object CMakeFiles/topic_subscribe_01.dir/src/topic_subscribe_01.cpp.o[K
[52.464s] [2/4] Linking CXX executable topic_publisher_01[K
[52.465s] [3/4] Linking CXX executable topic_publisher_01[K
[53.670s] [3/4] Linking CXX executable topic_subscribe_01[K
[53.678s] [4/4] Linking CXX executable topic_subscribe_01[K
[53.679s] Invoked command in '/home/lining/work/dl2ros2/chapt3/chapt3_ws/build/example_topic_rclcpp' returned '0': CMAKE_PREFIX_PATH=/opt/ros/humble CONDA_PROMPT_MODIFIER=(base) /usr/bin/cmake --build /home/lining/work/dl2ros2/chapt3/chapt3_ws/build/example_topic_rclcpp -- -j1 -l1
[53.761s] Invoking command in '/home/lining/work/dl2ros2/chapt3/chapt3_ws/build/example_topic_rclcpp': CMAKE_PREFIX_PATH=/opt/ros/humble CONDA_PROMPT_MODIFIER=(base) /usr/bin/cmake --install /home/lining/work/dl2ros2/chapt3/chapt3_ws/build/example_topic_rclcpp
[53.787s] -- Install configuration: ""
[53.788s] -- Installing: /home/lining/work/dl2ros2/chapt3/chapt3_ws/install/example_topic_rclcpp/lib/example_topic_rclcpp/topic_subscribe_01
[53.801s] -- Set runtime path of "/home/lining/work/dl2ros2/chapt3/chapt3_ws/install/example_topic_rclcpp/lib/example_topic_rclcpp/topic_subscribe_01" to ""
[53.802s] -- Installing: /home/lining/work/dl2ros2/chapt3/chapt3_ws/install/example_topic_rclcpp/lib/example_topic_rclcpp/topic_publisher_01
[53.806s] -- Set runtime path of "/home/lining/work/dl2ros2/chapt3/chapt3_ws/install/example_topic_rclcpp/lib/example_topic_rclcpp/topic_publisher_01" to ""
[53.808s] -- Installing: /home/lining/work/dl2ros2/chapt3/chapt3_ws/install/example_topic_rclcpp/share/ament_index/resource_index/package_run_dependencies/example_topic_rclcpp
[53.809s] -- Installing: /home/lining/work/dl2ros2/chapt3/chapt3_ws/install/example_topic_rclcpp/share/ament_index/resource_index/parent_prefix_path/example_topic_rclcpp
[53.810s] -- Installing: /home/lining/work/dl2ros2/chapt3/chapt3_ws/install/example_topic_rclcpp/share/example_topic_rclcpp/environment/ament_prefix_path.sh
[53.813s] -- Installing: /home/lining/work/dl2ros2/chapt3/chapt3_ws/install/example_topic_rclcpp/share/example_topic_rclcpp/environment/ament_prefix_path.dsv
[53.814s] -- Installing: /home/lining/work/dl2ros2/chapt3/chapt3_ws/install/example_topic_rclcpp/share/example_topic_rclcpp/environment/path.sh
[53.815s] -- Installing: /home/lining/work/dl2ros2/chapt3/chapt3_ws/install/example_topic_rclcpp/share/example_topic_rclcpp/environment/path.dsv
[53.816s] -- Installing: /home/lining/work/dl2ros2/chapt3/chapt3_ws/install/example_topic_rclcpp/share/example_topic_rclcpp/local_setup.bash
[53.817s] -- Installing: /home/lining/work/dl2ros2/chapt3/chapt3_ws/install/example_topic_rclcpp/share/example_topic_rclcpp/local_setup.sh
[53.818s] -- Installing: /home/lining/work/dl2ros2/chapt3/chapt3_ws/install/example_topic_rclcpp/share/example_topic_rclcpp/local_setup.zsh
[53.819s] -- Installing: /home/lining/work/dl2ros2/chapt3/chapt3_ws/install/example_topic_rclcpp/share/example_topic_rclcpp/local_setup.dsv
[53.822s] -- Installing: /home/lining/work/dl2ros2/chapt3/chapt3_ws/install/example_topic_rclcpp/share/example_topic_rclcpp/package.dsv
[53.823s] -- Installing: /home/lining/work/dl2ros2/chapt3/chapt3_ws/install/example_topic_rclcpp/share/ament_index/resource_index/packages/example_topic_rclcpp
[53.824s] -- Installing: /home/lining/work/dl2ros2/chapt3/chapt3_ws/install/example_topic_rclcpp/share/example_topic_rclcpp/cmake/example_topic_rclcppConfig.cmake
[53.825s] -- Installing: /home/lining/work/dl2ros2/chapt3/chapt3_ws/install/example_topic_rclcpp/share/example_topic_rclcpp/cmake/example_topic_rclcppConfig-version.cmake
[53.826s] -- Installing: /home/lining/work/dl2ros2/chapt3/chapt3_ws/install/example_topic_rclcpp/share/example_topic_rclcpp/package.xml
[53.832s] Invoked command in '/home/lining/work/dl2ros2/chapt3/chapt3_ws/build/example_topic_rclcpp' returned '0': CMAKE_PREFIX_PATH=/opt/ros/humble CONDA_PROMPT_MODIFIER=(base) /usr/bin/cmake --install /home/lining/work/dl2ros2/chapt3/chapt3_ws/build/example_topic_rclcpp
