[13.780s] DEBUG:colcon:Command line arguments: ['/home/lining/anaconda3/bin/colcon', 'build', '--cmake-args', '-DCMAKE_EXPORT_COMPILE_COMMANDS=ON', '-G', 'Ninja']
[13.780s] DEBUG:colcon:Parsed command line arguments: Namespace(log_base=None, log_level=None, verb_name='build', build_base='build', install_base='install', merge_install=False, symlink_install=False, test_result_base=None, continue_on_error=False, executor='parallel', parallel_workers=1, event_handlers=None, ignore_user_meta=False, metas=['./colcon.meta'], base_paths=['.'], packages_ignore=None, packages_ignore_regex=None, paths=None, packages_up_to=None, packages_up_to_regex=None, packages_above=None, packages_above_and_dependencies=None, packages_above_depth=None, packages_select_by_dep=None, packages_skip_by_dep=None, packages_skip_up_to=None, packages_select_build_failed=False, packages_skip_build_finished=False, packages_select_test_failures=False, packages_skip_test_passed=False, packages_select=None, packages_skip=None, packages_select_regex=None, packages_skip_regex=None, packages_start=None, packages_end=None, cmake_args=['-DCMAKE_EXPORT_COMPILE_COMMANDS=ON', '-G', 'Ninja'], cmake_target=None, cmake_target_skip_unavailable=False, cmake_clean_cache=False, cmake_clean_first=False, cmake_force_configure=False, ament_cmake_args=None, catkin_cmake_args=None, catkin_skip_building_tests=False, verb_parser=<colcon_defaults.argument_parser.defaults.DefaultArgumentsDecorator object at 0x7f4c2d8956c0>, verb_extension=<colcon_core.verb.build.BuildVerb object at 0x7f4c2dc89480>, main=<bound method BuildVerb.main of <colcon_core.verb.build.BuildVerb object at 0x7f4c2dc89480>>)
[14.294s] Level 1:colcon.colcon_core.package_discovery:discover_packages(colcon_meta) check parameters
[14.295s] Level 1:colcon.colcon_core.package_discovery:discover_packages(recursive) check parameters
[14.295s] Level 1:colcon.colcon_core.package_discovery:discover_packages(ignore) check parameters
[14.296s] Level 1:colcon.colcon_core.package_discovery:discover_packages(path) check parameters
[14.296s] Level 1:colcon.colcon_core.package_discovery:discover_packages(colcon_meta) discover
[14.296s] Level 1:colcon.colcon_core.package_discovery:discover_packages(recursive) discover
[14.296s] INFO:colcon.colcon_core.package_discovery:Crawling recursively for packages in '/home/lining/work/dl2ros2/chapt3/chapt3_ws'
[14.296s] Level 1:colcon.colcon_core.package_identification:_identify(.) by extensions ['ignore', 'ignore_ament_install']
[14.297s] Level 1:colcon.colcon_core.package_identification:_identify(.) by extension 'ignore'
[14.297s] Level 1:colcon.colcon_core.package_identification:_identify(.) by extension 'ignore_ament_install'
[14.297s] Level 1:colcon.colcon_core.package_identification:_identify(.) by extensions ['colcon_pkg']
[14.297s] Level 1:colcon.colcon_core.package_identification:_identify(.) by extension 'colcon_pkg'
[14.297s] Level 1:colcon.colcon_core.package_identification:_identify(.) by extensions ['colcon_meta']
[14.297s] Level 1:colcon.colcon_core.package_identification:_identify(.) by extension 'colcon_meta'
[14.298s] Level 1:colcon.colcon_core.package_identification:_identify(.) by extensions ['ros']
[14.298s] Level 1:colcon.colcon_core.package_identification:_identify(.) by extension 'ros'
[14.540s] Level 1:colcon.colcon_core.package_identification:_identify(.) by extensions ['cmake', 'python']
[14.542s] Level 1:colcon.colcon_core.package_identification:_identify(.) by extension 'cmake'
[14.542s] Level 1:colcon.colcon_core.package_identification:_identify(.) by extension 'python'
[14.543s] Level 1:colcon.colcon_core.package_identification:_identify(.) by extensions ['python_setup_py']
[14.543s] Level 1:colcon.colcon_core.package_identification:_identify(.) by extension 'python_setup_py'
[14.543s] Level 1:colcon.colcon_core.package_identification:_identify(build) by extensions ['ignore', 'ignore_ament_install']
[14.544s] Level 1:colcon.colcon_core.package_identification:_identify(build) by extension 'ignore'
[14.544s] Level 1:colcon.colcon_core.package_identification:_identify(build) ignored
[14.546s] Level 1:colcon.colcon_core.package_identification:_identify(install) by extensions ['ignore', 'ignore_ament_install']
[14.547s] Level 1:colcon.colcon_core.package_identification:_identify(install) by extension 'ignore'
[14.547s] Level 1:colcon.colcon_core.package_identification:_identify(install) ignored
[14.551s] Level 1:colcon.colcon_core.package_identification:_identify(log) by extensions ['ignore', 'ignore_ament_install']
[14.551s] Level 1:colcon.colcon_core.package_identification:_identify(log) by extension 'ignore'
[14.551s] Level 1:colcon.colcon_core.package_identification:_identify(log) ignored
[14.552s] Level 1:colcon.colcon_core.package_identification:_identify(src) by extensions ['ignore', 'ignore_ament_install']
[14.552s] Level 1:colcon.colcon_core.package_identification:_identify(src) by extension 'ignore'
[14.552s] Level 1:colcon.colcon_core.package_identification:_identify(src) by extension 'ignore_ament_install'
[14.552s] Level 1:colcon.colcon_core.package_identification:_identify(src) by extensions ['colcon_pkg']
[14.555s] Level 1:colcon.colcon_core.package_identification:_identify(src) by extension 'colcon_pkg'
[14.555s] Level 1:colcon.colcon_core.package_identification:_identify(src) by extensions ['colcon_meta']
[14.555s] Level 1:colcon.colcon_core.package_identification:_identify(src) by extension 'colcon_meta'
[14.556s] Level 1:colcon.colcon_core.package_identification:_identify(src) by extensions ['ros']
[14.556s] Level 1:colcon.colcon_core.package_identification:_identify(src) by extension 'ros'
[14.556s] Level 1:colcon.colcon_core.package_identification:_identify(src) by extensions ['cmake', 'python']
[14.556s] Level 1:colcon.colcon_core.package_identification:_identify(src) by extension 'cmake'
[14.556s] Level 1:colcon.colcon_core.package_identification:_identify(src) by extension 'python'
[14.556s] Level 1:colcon.colcon_core.package_identification:_identify(src) by extensions ['python_setup_py']
[14.556s] Level 1:colcon.colcon_core.package_identification:_identify(src) by extension 'python_setup_py'
[14.557s] Level 1:colcon.colcon_core.package_identification:_identify(src/example_topic_rclcpp) by extensions ['ignore', 'ignore_ament_install']
[14.557s] Level 1:colcon.colcon_core.package_identification:_identify(src/example_topic_rclcpp) by extension 'ignore'
[14.557s] Level 1:colcon.colcon_core.package_identification:_identify(src/example_topic_rclcpp) by extension 'ignore_ament_install'
[14.557s] Level 1:colcon.colcon_core.package_identification:_identify(src/example_topic_rclcpp) by extensions ['colcon_pkg']
[14.558s] Level 1:colcon.colcon_core.package_identification:_identify(src/example_topic_rclcpp) by extension 'colcon_pkg'
[14.558s] Level 1:colcon.colcon_core.package_identification:_identify(src/example_topic_rclcpp) by extensions ['colcon_meta']
[14.558s] Level 1:colcon.colcon_core.package_identification:_identify(src/example_topic_rclcpp) by extension 'colcon_meta'
[14.558s] Level 1:colcon.colcon_core.package_identification:_identify(src/example_topic_rclcpp) by extensions ['ros']
[14.558s] Level 1:colcon.colcon_core.package_identification:_identify(src/example_topic_rclcpp) by extension 'ros'
[14.572s] DEBUG:colcon.colcon_core.package_identification:Package 'src/example_topic_rclcpp' with type 'ros.ament_cmake' and name 'example_topic_rclcpp'
[14.572s] Level 1:colcon.colcon_core.package_discovery:discover_packages(recursive) using defaults
[14.573s] Level 1:colcon.colcon_core.package_discovery:discover_packages(ignore) discover
[14.573s] Level 1:colcon.colcon_core.package_discovery:discover_packages(ignore) using defaults
[14.573s] Level 1:colcon.colcon_core.package_discovery:discover_packages(path) discover
[14.573s] Level 1:colcon.colcon_core.package_discovery:discover_packages(path) using defaults
[15.146s] Level 5:colcon.colcon_core.verb:set package 'example_topic_rclcpp' build argument 'cmake_args' from command line to '['-DCMAKE_EXPORT_COMPILE_COMMANDS=ON', '-G', 'Ninja']'
[15.147s] Level 5:colcon.colcon_core.verb:set package 'example_topic_rclcpp' build argument 'cmake_target' from command line to 'None'
[15.147s] Level 5:colcon.colcon_core.verb:set package 'example_topic_rclcpp' build argument 'cmake_target_skip_unavailable' from command line to 'False'
[15.147s] Level 5:colcon.colcon_core.verb:set package 'example_topic_rclcpp' build argument 'cmake_clean_cache' from command line to 'False'
[15.147s] Level 5:colcon.colcon_core.verb:set package 'example_topic_rclcpp' build argument 'cmake_clean_first' from command line to 'False'
[15.147s] Level 5:colcon.colcon_core.verb:set package 'example_topic_rclcpp' build argument 'cmake_force_configure' from command line to 'False'
[15.147s] Level 5:colcon.colcon_core.verb:set package 'example_topic_rclcpp' build argument 'ament_cmake_args' from command line to 'None'
[15.147s] Level 5:colcon.colcon_core.verb:set package 'example_topic_rclcpp' build argument 'catkin_cmake_args' from command line to 'None'
[15.148s] Level 5:colcon.colcon_core.verb:set package 'example_topic_rclcpp' build argument 'catkin_skip_building_tests' from command line to 'False'
[15.148s] DEBUG:colcon.colcon_core.verb:Building package 'example_topic_rclcpp' with the following arguments: {'ament_cmake_args': None, 'build_base': '/home/lining/work/dl2ros2/chapt3/chapt3_ws/build/example_topic_rclcpp', 'catkin_cmake_args': None, 'catkin_skip_building_tests': False, 'cmake_args': ['-DCMAKE_EXPORT_COMPILE_COMMANDS=ON', '-G', 'Ninja'], 'cmake_clean_cache': False, 'cmake_clean_first': False, 'cmake_force_configure': False, 'cmake_target': None, 'cmake_target_skip_unavailable': False, 'install_base': '/home/lining/work/dl2ros2/chapt3/chapt3_ws/install/example_topic_rclcpp', 'merge_install': False, 'path': '/home/lining/work/dl2ros2/chapt3/chapt3_ws/src/example_topic_rclcpp', 'symlink_install': False, 'test_result_base': None}
[15.307s] INFO:colcon.colcon_core.executor:Executing jobs using 'parallel' executor
[15.649s] DEBUG:colcon.colcon_parallel_executor.executor.parallel:run_until_complete
[15.650s] INFO:colcon.colcon_ros.task.ament_cmake.build:Building ROS package in '/home/lining/work/dl2ros2/chapt3/chapt3_ws/src/example_topic_rclcpp' with build type 'ament_cmake'
[15.650s] INFO:colcon.colcon_cmake.task.cmake.build:Building CMake package in '/home/lining/work/dl2ros2/chapt3/chapt3_ws/src/example_topic_rclcpp'
[15.862s] INFO:colcon.colcon_core.plugin_system:Skipping extension 'colcon_core.shell.bat': Not used on non-Windows systems
[15.862s] INFO:colcon.colcon_core.shell:Skip shell extension 'powershell' for command environment: Not usable outside of PowerShell
[15.862s] DEBUG:colcon.colcon_core.shell:Skip shell extension 'dsv' for command environment
[16.783s] DEBUG:colcon.colcon_core.event_handler.log_command:Invoking command in '/home/lining/work/dl2ros2/chapt3/chapt3_ws/build/example_topic_rclcpp': CMAKE_PREFIX_PATH=${CMAKE_PREFIX_PATH}:/opt/ros/humble CONDA_PROMPT_MODIFIER=(base) /usr/bin/cmake --build /home/lining/work/dl2ros2/chapt3/chapt3_ws/build/example_topic_rclcpp -- -j1 -l1
[16.858s] DEBUG:colcon.colcon_core.event_handler.log_command:Invoked command in '/home/lining/work/dl2ros2/chapt3/chapt3_ws/build/example_topic_rclcpp' returned '0': CMAKE_PREFIX_PATH=${CMAKE_PREFIX_PATH}:/opt/ros/humble CONDA_PROMPT_MODIFIER=(base) /usr/bin/cmake --build /home/lining/work/dl2ros2/chapt3/chapt3_ws/build/example_topic_rclcpp -- -j1 -l1
[17.118s] DEBUG:colcon.colcon_core.event_handler.log_command:Invoking command in '/home/lining/work/dl2ros2/chapt3/chapt3_ws/build/example_topic_rclcpp': CMAKE_PREFIX_PATH=${CMAKE_PREFIX_PATH}:/opt/ros/humble CONDA_PROMPT_MODIFIER=(base) /usr/bin/cmake --install /home/lining/work/dl2ros2/chapt3/chapt3_ws/build/example_topic_rclcpp
[17.166s] Level 1:colcon.colcon_core.environment:create_environment_scripts_only(example_topic_rclcpp)
[17.167s] DEBUG:colcon.colcon_core.event_handler.log_command:Invoked command in '/home/lining/work/dl2ros2/chapt3/chapt3_ws/build/example_topic_rclcpp' returned '0': CMAKE_PREFIX_PATH=${CMAKE_PREFIX_PATH}:/opt/ros/humble CONDA_PROMPT_MODIFIER=(base) /usr/bin/cmake --install /home/lining/work/dl2ros2/chapt3/chapt3_ws/build/example_topic_rclcpp
[17.493s] Level 1:colcon.colcon_core.environment:checking '/home/lining/work/dl2ros2/chapt3/chapt3_ws/install/example_topic_rclcpp' for CMake module files
[17.504s] Level 1:colcon.colcon_core.environment:checking '/home/lining/work/dl2ros2/chapt3/chapt3_ws/install/example_topic_rclcpp' for CMake config files
[17.505s] Level 1:colcon.colcon_core.shell:create_environment_hook('example_topic_rclcpp', 'cmake_prefix_path')
[17.701s] INFO:colcon.colcon_core.shell:Creating environment hook '/home/lining/work/dl2ros2/chapt3/chapt3_ws/install/example_topic_rclcpp/share/example_topic_rclcpp/hook/cmake_prefix_path.ps1'
[17.706s] INFO:colcon.colcon_core.shell:Creating environment descriptor '/home/lining/work/dl2ros2/chapt3/chapt3_ws/install/example_topic_rclcpp/share/example_topic_rclcpp/hook/cmake_prefix_path.dsv'
[17.711s] INFO:colcon.colcon_core.shell:Creating environment hook '/home/lining/work/dl2ros2/chapt3/chapt3_ws/install/example_topic_rclcpp/share/example_topic_rclcpp/hook/cmake_prefix_path.sh'
[17.716s] Level 1:colcon.colcon_core.environment:checking '/home/lining/work/dl2ros2/chapt3/chapt3_ws/install/example_topic_rclcpp/lib'
[17.716s] Level 1:colcon.colcon_core.environment:checking '/home/lining/work/dl2ros2/chapt3/chapt3_ws/install/example_topic_rclcpp/bin'
[17.718s] Level 1:colcon.colcon_core.environment:checking '/home/lining/work/dl2ros2/chapt3/chapt3_ws/install/example_topic_rclcpp/lib/pkgconfig/example_topic_rclcpp.pc'
[17.730s] Level 1:colcon.colcon_core.environment:checking '/home/lining/work/dl2ros2/chapt3/chapt3_ws/install/example_topic_rclcpp/lib/python3.10/site-packages'
[17.731s] Level 1:colcon.colcon_core.environment:checking '/home/lining/work/dl2ros2/chapt3/chapt3_ws/install/example_topic_rclcpp/bin'
[17.850s] INFO:colcon.colcon_core.shell:Creating package script '/home/lining/work/dl2ros2/chapt3/chapt3_ws/install/example_topic_rclcpp/share/example_topic_rclcpp/package.ps1'
[17.875s] INFO:colcon.colcon_core.shell:Creating package descriptor '/home/lining/work/dl2ros2/chapt3/chapt3_ws/install/example_topic_rclcpp/share/example_topic_rclcpp/package.dsv'
[17.904s] INFO:colcon.colcon_core.shell:Creating package script '/home/lining/work/dl2ros2/chapt3/chapt3_ws/install/example_topic_rclcpp/share/example_topic_rclcpp/package.sh'
[17.910s] INFO:colcon.colcon_core.shell:Creating package script '/home/lining/work/dl2ros2/chapt3/chapt3_ws/install/example_topic_rclcpp/share/example_topic_rclcpp/package.bash'
[17.932s] INFO:colcon.colcon_core.shell:Creating package script '/home/lining/work/dl2ros2/chapt3/chapt3_ws/install/example_topic_rclcpp/share/example_topic_rclcpp/package.zsh'
[17.959s] Level 1:colcon.colcon_core.environment:create_file_with_runtime_dependencies(/home/lining/work/dl2ros2/chapt3/chapt3_ws/install/example_topic_rclcpp/share/colcon-core/packages/example_topic_rclcpp)
[18.168s] Level 1:colcon.colcon_core.environment:create_environment_scripts_only(example_topic_rclcpp)
[18.249s] Level 1:colcon.colcon_core.environment:checking '/home/lining/work/dl2ros2/chapt3/chapt3_ws/install/example_topic_rclcpp' for CMake module files
[18.251s] Level 1:colcon.colcon_core.environment:checking '/home/lining/work/dl2ros2/chapt3/chapt3_ws/install/example_topic_rclcpp' for CMake config files
[18.252s] Level 1:colcon.colcon_core.shell:create_environment_hook('example_topic_rclcpp', 'cmake_prefix_path')
[18.335s] INFO:colcon.colcon_core.shell:Creating environment hook '/home/lining/work/dl2ros2/chapt3/chapt3_ws/install/example_topic_rclcpp/share/example_topic_rclcpp/hook/cmake_prefix_path.ps1'
[18.350s] INFO:colcon.colcon_core.shell:Creating environment descriptor '/home/lining/work/dl2ros2/chapt3/chapt3_ws/install/example_topic_rclcpp/share/example_topic_rclcpp/hook/cmake_prefix_path.dsv'
[18.354s] INFO:colcon.colcon_core.shell:Creating environment hook '/home/lining/work/dl2ros2/chapt3/chapt3_ws/install/example_topic_rclcpp/share/example_topic_rclcpp/hook/cmake_prefix_path.sh'
[18.359s] Level 1:colcon.colcon_core.environment:checking '/home/lining/work/dl2ros2/chapt3/chapt3_ws/install/example_topic_rclcpp/lib'
[18.360s] Level 1:colcon.colcon_core.environment:checking '/home/lining/work/dl2ros2/chapt3/chapt3_ws/install/example_topic_rclcpp/bin'
[18.360s] Level 1:colcon.colcon_core.environment:checking '/home/lining/work/dl2ros2/chapt3/chapt3_ws/install/example_topic_rclcpp/lib/pkgconfig/example_topic_rclcpp.pc'
[18.368s] Level 1:colcon.colcon_core.environment:checking '/home/lining/work/dl2ros2/chapt3/chapt3_ws/install/example_topic_rclcpp/lib/python3.10/site-packages'
[18.372s] Level 1:colcon.colcon_core.environment:checking '/home/lining/work/dl2ros2/chapt3/chapt3_ws/install/example_topic_rclcpp/bin'
[18.663s] INFO:colcon.colcon_core.shell:Creating package script '/home/lining/work/dl2ros2/chapt3/chapt3_ws/install/example_topic_rclcpp/share/example_topic_rclcpp/package.ps1'
[18.669s] INFO:colcon.colcon_core.shell:Creating package descriptor '/home/lining/work/dl2ros2/chapt3/chapt3_ws/install/example_topic_rclcpp/share/example_topic_rclcpp/package.dsv'
[18.671s] INFO:colcon.colcon_core.shell:Creating package script '/home/lining/work/dl2ros2/chapt3/chapt3_ws/install/example_topic_rclcpp/share/example_topic_rclcpp/package.sh'
[18.675s] INFO:colcon.colcon_core.shell:Creating package script '/home/lining/work/dl2ros2/chapt3/chapt3_ws/install/example_topic_rclcpp/share/example_topic_rclcpp/package.bash'
[18.680s] INFO:colcon.colcon_core.shell:Creating package script '/home/lining/work/dl2ros2/chapt3/chapt3_ws/install/example_topic_rclcpp/share/example_topic_rclcpp/package.zsh'
[18.682s] Level 1:colcon.colcon_core.environment:create_file_with_runtime_dependencies(/home/lining/work/dl2ros2/chapt3/chapt3_ws/install/example_topic_rclcpp/share/colcon-core/packages/example_topic_rclcpp)
[18.688s] DEBUG:colcon.colcon_parallel_executor.executor.parallel:closing loop
[18.688s] DEBUG:colcon.colcon_parallel_executor.executor.parallel:loop closed
[18.689s] DEBUG:colcon.colcon_parallel_executor.executor.parallel:run_until_complete finished with '0'
[18.689s] DEBUG:colcon.colcon_core.event_reactor:joining thread
[18.814s] INFO:colcon.colcon_core.plugin_system:Skipping extension 'colcon_notification.desktop_notification.notify2': 'notify2' not found
[18.814s] INFO:colcon.colcon_core.plugin_system:Skipping extension 'colcon_notification.desktop_notification.terminal_notifier': Not used on non-Darwin systems
[18.815s] INFO:colcon.colcon_core.plugin_system:Skipping extension 'colcon_notification.desktop_notification.win32': Not used on non-Windows systems
[18.815s] INFO:colcon.colcon_notification.desktop_notification:Sending desktop notification using 'notify_send'
[18.961s] DEBUG:colcon.colcon_core.event_reactor:joined thread
[19.265s] INFO:colcon.colcon_core.shell:Creating prefix script '/home/lining/work/dl2ros2/chapt3/chapt3_ws/install/local_setup.ps1'
[19.271s] INFO:colcon.colcon_core.shell:Creating prefix util module '/home/lining/work/dl2ros2/chapt3/chapt3_ws/install/_local_setup_util_ps1.py'
[19.276s] INFO:colcon.colcon_core.shell:Creating prefix chain script '/home/lining/work/dl2ros2/chapt3/chapt3_ws/install/setup.ps1'
[19.530s] INFO:colcon.colcon_core.shell:Creating prefix script '/home/lining/work/dl2ros2/chapt3/chapt3_ws/install/local_setup.sh'
[19.532s] INFO:colcon.colcon_core.shell:Creating prefix util module '/home/lining/work/dl2ros2/chapt3/chapt3_ws/install/_local_setup_util_sh.py'
[19.541s] INFO:colcon.colcon_core.shell:Creating prefix chain script '/home/lining/work/dl2ros2/chapt3/chapt3_ws/install/setup.sh'
[19.666s] INFO:colcon.colcon_core.shell:Creating prefix script '/home/lining/work/dl2ros2/chapt3/chapt3_ws/install/local_setup.bash'
[19.668s] INFO:colcon.colcon_core.shell:Creating prefix chain script '/home/lining/work/dl2ros2/chapt3/chapt3_ws/install/setup.bash'
[19.797s] INFO:colcon.colcon_core.shell:Creating prefix script '/home/lining/work/dl2ros2/chapt3/chapt3_ws/install/local_setup.zsh'
[19.799s] INFO:colcon.colcon_core.shell:Creating prefix chain script '/home/lining/work/dl2ros2/chapt3/chapt3_ws/install/setup.zsh'
