[6.769s] DEBUG:colcon:Command line arguments: ['/home/lining/anaconda3/bin/colcon', 'build', '--cmake-args', '-DCMAKE_EXPORT_COMPILE_COMMANDS=ON', '-G', 'Ninja']
[6.770s] DEBUG:colcon:Parsed command line arguments: Namespace(log_base=None, log_level=None, verb_name='build', build_base='build', install_base='install', merge_install=False, symlink_install=False, test_result_base=None, continue_on_error=False, executor='parallel', parallel_workers=1, event_handlers=None, ignore_user_meta=False, metas=['./colcon.meta'], base_paths=['.'], packages_ignore=None, packages_ignore_regex=None, paths=None, packages_up_to=None, packages_up_to_regex=None, packages_above=None, packages_above_and_dependencies=None, packages_above_depth=None, packages_select_by_dep=None, packages_skip_by_dep=None, packages_skip_up_to=None, packages_select_build_failed=False, packages_skip_build_finished=False, packages_select_test_failures=False, packages_skip_test_passed=False, packages_select=None, packages_skip=None, packages_select_regex=None, packages_skip_regex=None, packages_start=None, packages_end=None, cmake_args=['-DCMAKE_EXPORT_COMPILE_COMMANDS=ON', '-G', 'Ninja'], cmake_target=None, cmake_target_skip_unavailable=False, cmake_clean_cache=False, cmake_clean_first=False, cmake_force_configure=False, ament_cmake_args=None, catkin_cmake_args=None, catkin_skip_building_tests=False, verb_parser=<colcon_defaults.argument_parser.defaults.DefaultArgumentsDecorator object at 0x7f838e8d79a0>, verb_extension=<colcon_core.verb.build.BuildVerb object at 0x7f838ec8c820>, main=<bound method BuildVerb.main of <colcon_core.verb.build.BuildVerb object at 0x7f838ec8c820>>)
[7.161s] Level 1:colcon.colcon_core.package_discovery:discover_packages(colcon_meta) check parameters
[7.161s] Level 1:colcon.colcon_core.package_discovery:discover_packages(recursive) check parameters
[7.162s] Level 1:colcon.colcon_core.package_discovery:discover_packages(ignore) check parameters
[7.162s] Level 1:colcon.colcon_core.package_discovery:discover_packages(path) check parameters
[7.162s] Level 1:colcon.colcon_core.package_discovery:discover_packages(colcon_meta) discover
[7.162s] Level 1:colcon.colcon_core.package_discovery:discover_packages(recursive) discover
[7.162s] INFO:colcon.colcon_core.package_discovery:Crawling recursively for packages in '/home/lining/work/dl2ros2/chapt3/chapt3_ws'
[7.163s] Level 1:colcon.colcon_core.package_identification:_identify(.) by extensions ['ignore', 'ignore_ament_install']
[7.163s] Level 1:colcon.colcon_core.package_identification:_identify(.) by extension 'ignore'
[7.163s] Level 1:colcon.colcon_core.package_identification:_identify(.) by extension 'ignore_ament_install'
[7.164s] Level 1:colcon.colcon_core.package_identification:_identify(.) by extensions ['colcon_pkg']
[7.164s] Level 1:colcon.colcon_core.package_identification:_identify(.) by extension 'colcon_pkg'
[7.164s] Level 1:colcon.colcon_core.package_identification:_identify(.) by extensions ['colcon_meta']
[7.164s] Level 1:colcon.colcon_core.package_identification:_identify(.) by extension 'colcon_meta'
[7.164s] Level 1:colcon.colcon_core.package_identification:_identify(.) by extensions ['ros']
[7.164s] Level 1:colcon.colcon_core.package_identification:_identify(.) by extension 'ros'
[7.242s] Level 1:colcon.colcon_core.package_identification:_identify(.) by extensions ['cmake', 'python']
[7.243s] Level 1:colcon.colcon_core.package_identification:_identify(.) by extension 'cmake'
[7.243s] Level 1:colcon.colcon_core.package_identification:_identify(.) by extension 'python'
[7.243s] Level 1:colcon.colcon_core.package_identification:_identify(.) by extensions ['python_setup_py']
[7.243s] Level 1:colcon.colcon_core.package_identification:_identify(.) by extension 'python_setup_py'
[7.244s] Level 1:colcon.colcon_core.package_identification:_identify(build) by extensions ['ignore', 'ignore_ament_install']
[7.244s] Level 1:colcon.colcon_core.package_identification:_identify(build) by extension 'ignore'
[7.244s] Level 1:colcon.colcon_core.package_identification:_identify(build) ignored
[7.245s] Level 1:colcon.colcon_core.package_identification:_identify(install) by extensions ['ignore', 'ignore_ament_install']
[7.245s] Level 1:colcon.colcon_core.package_identification:_identify(install) by extension 'ignore'
[7.245s] Level 1:colcon.colcon_core.package_identification:_identify(install) ignored
[7.245s] Level 1:colcon.colcon_core.package_identification:_identify(log) by extensions ['ignore', 'ignore_ament_install']
[7.246s] Level 1:colcon.colcon_core.package_identification:_identify(log) by extension 'ignore'
[7.246s] Level 1:colcon.colcon_core.package_identification:_identify(log) ignored
[7.246s] Level 1:colcon.colcon_core.package_identification:_identify(src) by extensions ['ignore', 'ignore_ament_install']
[7.246s] Level 1:colcon.colcon_core.package_identification:_identify(src) by extension 'ignore'
[7.247s] Level 1:colcon.colcon_core.package_identification:_identify(src) by extension 'ignore_ament_install'
[7.247s] Level 1:colcon.colcon_core.package_identification:_identify(src) by extensions ['colcon_pkg']
[7.247s] Level 1:colcon.colcon_core.package_identification:_identify(src) by extension 'colcon_pkg'
[7.247s] Level 1:colcon.colcon_core.package_identification:_identify(src) by extensions ['colcon_meta']
[7.247s] Level 1:colcon.colcon_core.package_identification:_identify(src) by extension 'colcon_meta'
[7.247s] Level 1:colcon.colcon_core.package_identification:_identify(src) by extensions ['ros']
[7.247s] Level 1:colcon.colcon_core.package_identification:_identify(src) by extension 'ros'
[7.248s] Level 1:colcon.colcon_core.package_identification:_identify(src) by extensions ['cmake', 'python']
[7.248s] Level 1:colcon.colcon_core.package_identification:_identify(src) by extension 'cmake'
[7.248s] Level 1:colcon.colcon_core.package_identification:_identify(src) by extension 'python'
[7.248s] Level 1:colcon.colcon_core.package_identification:_identify(src) by extensions ['python_setup_py']
[7.248s] Level 1:colcon.colcon_core.package_identification:_identify(src) by extension 'python_setup_py'
[7.248s] Level 1:colcon.colcon_core.package_identification:_identify(src/example_topic_rclcpp) by extensions ['ignore', 'ignore_ament_install']
[7.249s] Level 1:colcon.colcon_core.package_identification:_identify(src/example_topic_rclcpp) by extension 'ignore'
[7.249s] Level 1:colcon.colcon_core.package_identification:_identify(src/example_topic_rclcpp) by extension 'ignore_ament_install'
[7.249s] Level 1:colcon.colcon_core.package_identification:_identify(src/example_topic_rclcpp) by extensions ['colcon_pkg']
[7.249s] Level 1:colcon.colcon_core.package_identification:_identify(src/example_topic_rclcpp) by extension 'colcon_pkg'
[7.249s] Level 1:colcon.colcon_core.package_identification:_identify(src/example_topic_rclcpp) by extensions ['colcon_meta']
[7.249s] Level 1:colcon.colcon_core.package_identification:_identify(src/example_topic_rclcpp) by extension 'colcon_meta'
[7.250s] Level 1:colcon.colcon_core.package_identification:_identify(src/example_topic_rclcpp) by extensions ['ros']
[7.250s] Level 1:colcon.colcon_core.package_identification:_identify(src/example_topic_rclcpp) by extension 'ros'
[7.257s] DEBUG:colcon.colcon_core.package_identification:Package 'src/example_topic_rclcpp' with type 'ros.ament_cmake' and name 'example_topic_rclcpp'
[7.257s] Level 1:colcon.colcon_core.package_discovery:discover_packages(recursive) using defaults
[7.258s] Level 1:colcon.colcon_core.package_discovery:discover_packages(ignore) discover
[7.258s] Level 1:colcon.colcon_core.package_discovery:discover_packages(ignore) using defaults
[7.258s] Level 1:colcon.colcon_core.package_discovery:discover_packages(path) discover
[7.258s] Level 1:colcon.colcon_core.package_discovery:discover_packages(path) using defaults
[7.812s] Level 5:colcon.colcon_core.verb:set package 'example_topic_rclcpp' build argument 'cmake_args' from command line to '['-DCMAKE_EXPORT_COMPILE_COMMANDS=ON', '-G', 'Ninja']'
[7.813s] Level 5:colcon.colcon_core.verb:set package 'example_topic_rclcpp' build argument 'cmake_target' from command line to 'None'
[7.813s] Level 5:colcon.colcon_core.verb:set package 'example_topic_rclcpp' build argument 'cmake_target_skip_unavailable' from command line to 'False'
[7.813s] Level 5:colcon.colcon_core.verb:set package 'example_topic_rclcpp' build argument 'cmake_clean_cache' from command line to 'False'
[7.813s] Level 5:colcon.colcon_core.verb:set package 'example_topic_rclcpp' build argument 'cmake_clean_first' from command line to 'False'
[7.814s] Level 5:colcon.colcon_core.verb:set package 'example_topic_rclcpp' build argument 'cmake_force_configure' from command line to 'False'
[7.814s] Level 5:colcon.colcon_core.verb:set package 'example_topic_rclcpp' build argument 'ament_cmake_args' from command line to 'None'
[7.814s] Level 5:colcon.colcon_core.verb:set package 'example_topic_rclcpp' build argument 'catkin_cmake_args' from command line to 'None'
[7.814s] Level 5:colcon.colcon_core.verb:set package 'example_topic_rclcpp' build argument 'catkin_skip_building_tests' from command line to 'False'
[7.814s] DEBUG:colcon.colcon_core.verb:Building package 'example_topic_rclcpp' with the following arguments: {'ament_cmake_args': None, 'build_base': '/home/lining/work/dl2ros2/chapt3/chapt3_ws/build/example_topic_rclcpp', 'catkin_cmake_args': None, 'catkin_skip_building_tests': False, 'cmake_args': ['-DCMAKE_EXPORT_COMPILE_COMMANDS=ON', '-G', 'Ninja'], 'cmake_clean_cache': False, 'cmake_clean_first': False, 'cmake_force_configure': False, 'cmake_target': None, 'cmake_target_skip_unavailable': False, 'install_base': '/home/lining/work/dl2ros2/chapt3/chapt3_ws/install/example_topic_rclcpp', 'merge_install': False, 'path': '/home/lining/work/dl2ros2/chapt3/chapt3_ws/src/example_topic_rclcpp', 'symlink_install': False, 'test_result_base': None}
[7.893s] INFO:colcon.colcon_core.executor:Executing jobs using 'parallel' executor
[7.978s] DEBUG:colcon.colcon_parallel_executor.executor.parallel:run_until_complete
[7.979s] INFO:colcon.colcon_ros.task.ament_cmake.build:Building ROS package in '/home/lining/work/dl2ros2/chapt3/chapt3_ws/src/example_topic_rclcpp' with build type 'ament_cmake'
[7.980s] INFO:colcon.colcon_cmake.task.cmake.build:Building CMake package in '/home/lining/work/dl2ros2/chapt3/chapt3_ws/src/example_topic_rclcpp'
[8.092s] INFO:colcon.colcon_core.plugin_system:Skipping extension 'colcon_core.shell.bat': Not used on non-Windows systems
[8.093s] INFO:colcon.colcon_core.shell:Skip shell extension 'powershell' for command environment: Not usable outside of PowerShell
[8.093s] DEBUG:colcon.colcon_core.shell:Skip shell extension 'dsv' for command environment
[8.325s] DEBUG:colcon.colcon_core.event_handler.log_command:Invoking command in '/home/lining/work/dl2ros2/chapt3/chapt3_ws/build/example_topic_rclcpp': CMAKE_PREFIX_PATH=/opt/ros/humble CONDA_PROMPT_MODIFIER=(base) /usr/bin/cmake --build /home/lining/work/dl2ros2/chapt3/chapt3_ws/build/example_topic_rclcpp -- -j1 -l1
[8.421s] DEBUG:colcon.colcon_core.event_handler.log_command:Invoked command in '/home/lining/work/dl2ros2/chapt3/chapt3_ws/build/example_topic_rclcpp' returned '0': CMAKE_PREFIX_PATH=/opt/ros/humble CONDA_PROMPT_MODIFIER=(base) /usr/bin/cmake --build /home/lining/work/dl2ros2/chapt3/chapt3_ws/build/example_topic_rclcpp -- -j1 -l1
[8.546s] DEBUG:colcon.colcon_core.event_handler.log_command:Invoking command in '/home/lining/work/dl2ros2/chapt3/chapt3_ws/build/example_topic_rclcpp': CMAKE_PREFIX_PATH=/opt/ros/humble CONDA_PROMPT_MODIFIER=(base) /usr/bin/cmake --install /home/lining/work/dl2ros2/chapt3/chapt3_ws/build/example_topic_rclcpp
[8.650s] Level 1:colcon.colcon_core.environment:create_environment_scripts_only(example_topic_rclcpp)
[8.651s] DEBUG:colcon.colcon_core.event_handler.log_command:Invoked command in '/home/lining/work/dl2ros2/chapt3/chapt3_ws/build/example_topic_rclcpp' returned '0': CMAKE_PREFIX_PATH=/opt/ros/humble CONDA_PROMPT_MODIFIER=(base) /usr/bin/cmake --install /home/lining/work/dl2ros2/chapt3/chapt3_ws/build/example_topic_rclcpp
[8.910s] Level 1:colcon.colcon_core.environment:checking '/home/lining/work/dl2ros2/chapt3/chapt3_ws/install/example_topic_rclcpp' for CMake module files
[8.917s] Level 1:colcon.colcon_core.environment:checking '/home/lining/work/dl2ros2/chapt3/chapt3_ws/install/example_topic_rclcpp' for CMake config files
[8.920s] Level 1:colcon.colcon_core.shell:create_environment_hook('example_topic_rclcpp', 'cmake_prefix_path')
[9.127s] INFO:colcon.colcon_core.shell:Creating environment hook '/home/lining/work/dl2ros2/chapt3/chapt3_ws/install/example_topic_rclcpp/share/example_topic_rclcpp/hook/cmake_prefix_path.ps1'
[9.134s] INFO:colcon.colcon_core.shell:Creating environment descriptor '/home/lining/work/dl2ros2/chapt3/chapt3_ws/install/example_topic_rclcpp/share/example_topic_rclcpp/hook/cmake_prefix_path.dsv'
[9.136s] INFO:colcon.colcon_core.shell:Creating environment hook '/home/lining/work/dl2ros2/chapt3/chapt3_ws/install/example_topic_rclcpp/share/example_topic_rclcpp/hook/cmake_prefix_path.sh'
[9.141s] Level 1:colcon.colcon_core.environment:checking '/home/lining/work/dl2ros2/chapt3/chapt3_ws/install/example_topic_rclcpp/lib'
[9.141s] Level 1:colcon.colcon_core.environment:checking '/home/lining/work/dl2ros2/chapt3/chapt3_ws/install/example_topic_rclcpp/bin'
[9.142s] Level 1:colcon.colcon_core.environment:checking '/home/lining/work/dl2ros2/chapt3/chapt3_ws/install/example_topic_rclcpp/lib/pkgconfig/example_topic_rclcpp.pc'
[9.156s] Level 1:colcon.colcon_core.environment:checking '/home/lining/work/dl2ros2/chapt3/chapt3_ws/install/example_topic_rclcpp/lib/python3.10/site-packages'
[9.157s] Level 1:colcon.colcon_core.environment:checking '/home/lining/work/dl2ros2/chapt3/chapt3_ws/install/example_topic_rclcpp/bin'
[9.378s] INFO:colcon.colcon_core.shell:Creating package script '/home/lining/work/dl2ros2/chapt3/chapt3_ws/install/example_topic_rclcpp/share/example_topic_rclcpp/package.ps1'
[9.385s] INFO:colcon.colcon_core.shell:Creating package descriptor '/home/lining/work/dl2ros2/chapt3/chapt3_ws/install/example_topic_rclcpp/share/example_topic_rclcpp/package.dsv'
[9.389s] INFO:colcon.colcon_core.shell:Creating package script '/home/lining/work/dl2ros2/chapt3/chapt3_ws/install/example_topic_rclcpp/share/example_topic_rclcpp/package.sh'
[9.397s] INFO:colcon.colcon_core.shell:Creating package script '/home/lining/work/dl2ros2/chapt3/chapt3_ws/install/example_topic_rclcpp/share/example_topic_rclcpp/package.bash'
[9.402s] INFO:colcon.colcon_core.shell:Creating package script '/home/lining/work/dl2ros2/chapt3/chapt3_ws/install/example_topic_rclcpp/share/example_topic_rclcpp/package.zsh'
[9.409s] Level 1:colcon.colcon_core.environment:create_file_with_runtime_dependencies(/home/lining/work/dl2ros2/chapt3/chapt3_ws/install/example_topic_rclcpp/share/colcon-core/packages/example_topic_rclcpp)
[9.697s] Level 1:colcon.colcon_core.environment:create_environment_scripts_only(example_topic_rclcpp)
[9.885s] Level 1:colcon.colcon_core.environment:checking '/home/lining/work/dl2ros2/chapt3/chapt3_ws/install/example_topic_rclcpp' for CMake module files
[9.889s] Level 1:colcon.colcon_core.environment:checking '/home/lining/work/dl2ros2/chapt3/chapt3_ws/install/example_topic_rclcpp' for CMake config files
[9.896s] Level 1:colcon.colcon_core.shell:create_environment_hook('example_topic_rclcpp', 'cmake_prefix_path')
[10.107s] INFO:colcon.colcon_core.shell:Creating environment hook '/home/lining/work/dl2ros2/chapt3/chapt3_ws/install/example_topic_rclcpp/share/example_topic_rclcpp/hook/cmake_prefix_path.ps1'
[10.114s] INFO:colcon.colcon_core.shell:Creating environment descriptor '/home/lining/work/dl2ros2/chapt3/chapt3_ws/install/example_topic_rclcpp/share/example_topic_rclcpp/hook/cmake_prefix_path.dsv'
[10.116s] INFO:colcon.colcon_core.shell:Creating environment hook '/home/lining/work/dl2ros2/chapt3/chapt3_ws/install/example_topic_rclcpp/share/example_topic_rclcpp/hook/cmake_prefix_path.sh'
[10.120s] Level 1:colcon.colcon_core.environment:checking '/home/lining/work/dl2ros2/chapt3/chapt3_ws/install/example_topic_rclcpp/lib'
[10.120s] Level 1:colcon.colcon_core.environment:checking '/home/lining/work/dl2ros2/chapt3/chapt3_ws/install/example_topic_rclcpp/bin'
[10.121s] Level 1:colcon.colcon_core.environment:checking '/home/lining/work/dl2ros2/chapt3/chapt3_ws/install/example_topic_rclcpp/lib/pkgconfig/example_topic_rclcpp.pc'
[10.123s] Level 1:colcon.colcon_core.environment:checking '/home/lining/work/dl2ros2/chapt3/chapt3_ws/install/example_topic_rclcpp/lib/python3.10/site-packages'
[10.124s] Level 1:colcon.colcon_core.environment:checking '/home/lining/work/dl2ros2/chapt3/chapt3_ws/install/example_topic_rclcpp/bin'
[10.337s] INFO:colcon.colcon_core.shell:Creating package script '/home/lining/work/dl2ros2/chapt3/chapt3_ws/install/example_topic_rclcpp/share/example_topic_rclcpp/package.ps1'
[10.341s] INFO:colcon.colcon_core.shell:Creating package descriptor '/home/lining/work/dl2ros2/chapt3/chapt3_ws/install/example_topic_rclcpp/share/example_topic_rclcpp/package.dsv'
[10.346s] INFO:colcon.colcon_core.shell:Creating package script '/home/lining/work/dl2ros2/chapt3/chapt3_ws/install/example_topic_rclcpp/share/example_topic_rclcpp/package.sh'
[10.349s] INFO:colcon.colcon_core.shell:Creating package script '/home/lining/work/dl2ros2/chapt3/chapt3_ws/install/example_topic_rclcpp/share/example_topic_rclcpp/package.bash'
[10.352s] INFO:colcon.colcon_core.shell:Creating package script '/home/lining/work/dl2ros2/chapt3/chapt3_ws/install/example_topic_rclcpp/share/example_topic_rclcpp/package.zsh'
[10.358s] Level 1:colcon.colcon_core.environment:create_file_with_runtime_dependencies(/home/lining/work/dl2ros2/chapt3/chapt3_ws/install/example_topic_rclcpp/share/colcon-core/packages/example_topic_rclcpp)
[10.370s] DEBUG:colcon.colcon_parallel_executor.executor.parallel:closing loop
[10.371s] DEBUG:colcon.colcon_parallel_executor.executor.parallel:loop closed
[10.371s] DEBUG:colcon.colcon_parallel_executor.executor.parallel:run_until_complete finished with '0'
[10.371s] DEBUG:colcon.colcon_core.event_reactor:joining thread
[10.596s] INFO:colcon.colcon_core.plugin_system:Skipping extension 'colcon_notification.desktop_notification.notify2': 'notify2' not found
[10.597s] INFO:colcon.colcon_core.plugin_system:Skipping extension 'colcon_notification.desktop_notification.terminal_notifier': Not used on non-Darwin systems
[10.598s] INFO:colcon.colcon_core.plugin_system:Skipping extension 'colcon_notification.desktop_notification.win32': Not used on non-Windows systems
[10.598s] INFO:colcon.colcon_notification.desktop_notification:Sending desktop notification using 'notify_send'
[10.671s] DEBUG:colcon.colcon_core.event_reactor:joined thread
[10.811s] INFO:colcon.colcon_core.shell:Creating prefix script '/home/lining/work/dl2ros2/chapt3/chapt3_ws/install/local_setup.ps1'
[10.828s] INFO:colcon.colcon_core.shell:Creating prefix util module '/home/lining/work/dl2ros2/chapt3/chapt3_ws/install/_local_setup_util_ps1.py'
[10.841s] INFO:colcon.colcon_core.shell:Creating prefix chain script '/home/lining/work/dl2ros2/chapt3/chapt3_ws/install/setup.ps1'
[10.953s] INFO:colcon.colcon_core.shell:Creating prefix script '/home/lining/work/dl2ros2/chapt3/chapt3_ws/install/local_setup.sh'
[10.958s] INFO:colcon.colcon_core.shell:Creating prefix util module '/home/lining/work/dl2ros2/chapt3/chapt3_ws/install/_local_setup_util_sh.py'
[10.964s] INFO:colcon.colcon_core.shell:Creating prefix chain script '/home/lining/work/dl2ros2/chapt3/chapt3_ws/install/setup.sh'
[11.152s] INFO:colcon.colcon_core.shell:Creating prefix script '/home/lining/work/dl2ros2/chapt3/chapt3_ws/install/local_setup.bash'
[11.156s] INFO:colcon.colcon_core.shell:Creating prefix chain script '/home/lining/work/dl2ros2/chapt3/chapt3_ws/install/setup.bash'
[11.294s] INFO:colcon.colcon_core.shell:Creating prefix script '/home/lining/work/dl2ros2/chapt3/chapt3_ws/install/local_setup.zsh'
[11.297s] INFO:colcon.colcon_core.shell:Creating prefix chain script '/home/lining/work/dl2ros2/chapt3/chapt3_ws/install/setup.zsh'
