[0.340s] Invoking command in '/home/lining/work/dl2ros2/chapt3/chapt3_ws/build/example_topic_rclcpp': CMAKE_PREFIX_PATH=/opt/ros/humble CONDA_PROMPT_MODIFIER=(base) /usr/bin/cmake --build /home/lining/work/dl2ros2/chapt3/chapt3_ws/build/example_topic_rclcpp -- -j1 -l1
[0.429s] ninja: no work to do.
[0.436s] Invoked command in '/home/lining/work/dl2ros2/chapt3/chapt3_ws/build/example_topic_rclcpp' returned '0': CMAKE_PREFIX_PATH=/opt/ros/humble CONDA_PROMPT_MODIFIER=(base) /usr/bin/cmake --build /home/lining/work/dl2ros2/chapt3/chapt3_ws/build/example_topic_rclcpp -- -j1 -l1
[0.561s] Invoking command in '/home/lining/work/dl2ros2/chapt3/chapt3_ws/build/example_topic_rclcpp': CMAKE_PREFIX_PATH=/opt/ros/humble CONDA_PROMPT_MODIFIER=(base) /usr/bin/cmake --install /home/lining/work/dl2ros2/chapt3/chapt3_ws/build/example_topic_rclcpp
[0.587s] -- Install configuration: "Debug"
[0.590s] -- Installing: /home/lining/work/dl2ros2/chapt3/chapt3_ws/install/example_topic_rclcpp/lib/example_topic_rclcpp/topic_subscribe_01
[0.629s] -- Set runtime path of "/home/lining/work/dl2ros2/chapt3/chapt3_ws/install/example_topic_rclcpp/lib/example_topic_rclcpp/topic_subscribe_01" to ""
[0.630s] -- Installing: /home/lining/work/dl2ros2/chapt3/chapt3_ws/install/example_topic_rclcpp/lib/example_topic_rclcpp/topic_publisher_01
[0.643s] -- Set runtime path of "/home/lining/work/dl2ros2/chapt3/chapt3_ws/install/example_topic_rclcpp/lib/example_topic_rclcpp/topic_publisher_01" to ""
[0.645s] -- Installing: /home/lining/work/dl2ros2/chapt3/chapt3_ws/install/example_topic_rclcpp/share/ament_index/resource_index/package_run_dependencies/example_topic_rclcpp
[0.646s] -- Installing: /home/lining/work/dl2ros2/chapt3/chapt3_ws/install/example_topic_rclcpp/share/ament_index/resource_index/parent_prefix_path/example_topic_rclcpp
[0.648s] -- Installing: /home/lining/work/dl2ros2/chapt3/chapt3_ws/install/example_topic_rclcpp/share/example_topic_rclcpp/environment/ament_prefix_path.sh
[0.648s] -- Installing: /home/lining/work/dl2ros2/chapt3/chapt3_ws/install/example_topic_rclcpp/share/example_topic_rclcpp/environment/ament_prefix_path.dsv
[0.649s] -- Installing: /home/lining/work/dl2ros2/chapt3/chapt3_ws/install/example_topic_rclcpp/share/example_topic_rclcpp/environment/path.sh
[0.650s] -- Installing: /home/lining/work/dl2ros2/chapt3/chapt3_ws/install/example_topic_rclcpp/share/example_topic_rclcpp/environment/path.dsv
[0.651s] -- Installing: /home/lining/work/dl2ros2/chapt3/chapt3_ws/install/example_topic_rclcpp/share/example_topic_rclcpp/local_setup.bash
[0.652s] -- Installing: /home/lining/work/dl2ros2/chapt3/chapt3_ws/install/example_topic_rclcpp/share/example_topic_rclcpp/local_setup.sh
[0.653s] -- Installing: /home/lining/work/dl2ros2/chapt3/chapt3_ws/install/example_topic_rclcpp/share/example_topic_rclcpp/local_setup.zsh
[0.655s] -- Installing: /home/lining/work/dl2ros2/chapt3/chapt3_ws/install/example_topic_rclcpp/share/example_topic_rclcpp/local_setup.dsv
[0.655s] -- Installing: /home/lining/work/dl2ros2/chapt3/chapt3_ws/install/example_topic_rclcpp/share/example_topic_rclcpp/package.dsv
[0.657s] -- Installing: /home/lining/work/dl2ros2/chapt3/chapt3_ws/install/example_topic_rclcpp/share/ament_index/resource_index/packages/example_topic_rclcpp
[0.658s] -- Installing: /home/lining/work/dl2ros2/chapt3/chapt3_ws/install/example_topic_rclcpp/share/example_topic_rclcpp/cmake/example_topic_rclcppConfig.cmake
[0.659s] -- Installing: /home/lining/work/dl2ros2/chapt3/chapt3_ws/install/example_topic_rclcpp/share/example_topic_rclcpp/cmake/example_topic_rclcppConfig-version.cmake
[0.660s] -- Installing: /home/lining/work/dl2ros2/chapt3/chapt3_ws/install/example_topic_rclcpp/share/example_topic_rclcpp/package.xml
[0.666s] Invoked command in '/home/lining/work/dl2ros2/chapt3/chapt3_ws/build/example_topic_rclcpp' returned '0': CMAKE_PREFIX_PATH=/opt/ros/humble CONDA_PROMPT_MODIFIER=(base) /usr/bin/cmake --install /home/lining/work/dl2ros2/chapt3/chapt3_ws/build/example_topic_rclcpp
